-------------------------------------------------------------------------------
Test set: com.project.mockup2html.Testing.TestArqContainer
-------------------------------------------------------------------------------
Tests run: 1, Failures: 0, Errors: 1, Skipped: 0, Time elapsed: 12.379 s <<< FAILURE! - in com.project.mockup2html.Testing.TestArqContainer
testUser(com.project.mockup2html.Testing.TestArqContainer)  Time elapsed: 0.761 s  <<< ERROR!
java.lang.RuntimeException: Could not inject members
Caused by: java.lang.IllegalStateException: Exception attempting to inject Remote ejb-ref name=com.project.mockup2html.Testing.TestArqContainer/userRepository,Remote 3.x interface =com.project.mockup2html.Repositories.UserRepository,ejb-link=null,lookup=,mappedName=,jndi-name=com.project.mockup2html.Repositories.UserRepository,refType=Session into class com.project.mockup2html.Testing.TestArqContainer: Lookup failed for 'java:comp/env/com.project.mockup2html.Testing.TestArqContainer/userRepository' in SerialContext[myEnv={java.naming.factory.initial=com.sun.enterprise.naming.impl.SerialInitContextFactory, java.naming.factory.state=com.sun.corba.ee.impl.presentation.rmi.JNDIStateFactoryImpl, java.naming.factory.url.pkgs=com.sun.enterprise.naming}
Caused by: com.sun.enterprise.container.common.spi.util.InjectionException: Exception attempting to inject Remote ejb-ref name=com.project.mockup2html.Testing.TestArqContainer/userRepository,Remote 3.x interface =com.project.mockup2html.Repositories.UserRepository,ejb-link=null,lookup=,mappedName=,jndi-name=com.project.mockup2html.Repositories.UserRepository,refType=Session into class com.project.mockup2html.Testing.TestArqContainer: Lookup failed for 'java:comp/env/com.project.mockup2html.Testing.TestArqContainer/userRepository' in SerialContext[myEnv={java.naming.factory.initial=com.sun.enterprise.naming.impl.SerialInitContextFactory, java.naming.factory.state=com.sun.corba.ee.impl.presentation.rmi.JNDIStateFactoryImpl, java.naming.factory.url.pkgs=com.sun.enterprise.naming}
Caused by: javax.naming.NamingException: Lookup failed for 'java:comp/env/com.project.mockup2html.Testing.TestArqContainer/userRepository' in SerialContext[myEnv={java.naming.factory.initial=com.sun.enterprise.naming.impl.SerialInitContextFactory, java.naming.factory.state=com.sun.corba.ee.impl.presentation.rmi.JNDIStateFactoryImpl, java.naming.factory.url.pkgs=com.sun.enterprise.naming}
Caused by: javax.naming.NamingException: Exception resolving Ejb for 'Remote ejb-ref name=com.project.mockup2html.Testing.TestArqContainer/userRepository,Remote 3.x interface =com.project.mockup2html.Repositories.UserRepository,ejb-link=null,lookup=,mappedName=,jndi-name=com.project.mockup2html.Repositories.UserRepository,refType=Session' .  Actual (possibly internal) Remote JNDI name used for lookup is 'com.project.mockup2html.Repositories.UserRepository#com.project.mockup2html.Repositories.UserRepository'
Caused by: javax.naming.NamingException: Lookup failed for 'com.project.mockup2html.Repositories.UserRepository#com.project.mockup2html.Repositories.UserRepository' in SerialContext[myEnv={java.naming.factory.initial=com.sun.enterprise.naming.impl.SerialInitContextFactory, java.naming.factory.state=com.sun.corba.ee.impl.presentation.rmi.JNDIStateFactoryImpl, java.naming.factory.url.pkgs=com.sun.enterprise.naming}
Caused by: javax.naming.NameNotFoundException: com.project.mockup2html.Repositories.UserRepository#com.project.mockup2html.Repositories.UserRepository not found

